<?xml version="1.0" encoding="UTF-8"?>
<!-- Generated by org.testng.reporters.JUnitReportReporter -->
<testsuite hostname="DESKTOP-AGBCM7S" failures="0" tests="2" name="com.flipkart.qa.testclasses.AddToCartPageTest" time="15.586" errors="0" timestamp="2020-07-28T21:56:28 PDT" skipped="0">
  <testcase classname="com.flipkart.qa.testclasses.AddToCartPageTest" name="AddToCartTest" time="8.138"/>
  <system-out/>
  <testcase classname="com.flipkart.qa.testclasses.AddToCartPageTest" name="AddToCartTest" time="7.448"/>
  <system-out/>
</testsuite> <!-- com.flipkart.qa.testclasses.AddToCartPageTest -->
