<?xml version="1.0" encoding="UTF-8"?>
<!-- Generated by org.testng.reporters.JUnitReportReporter -->
<testsuite hostname="DESKTOP-AGBCM7S" failures="0" tests="4" name="com.flipkart.qa.testclasses.HomePageTest" time="9.151" errors="0" timestamp="2020-07-28T21:56:28 PDT" skipped="0">
  <testcase classname="com.flipkart.qa.testclasses.HomePageTest" name="Login" time="4.433"/>
  <system-out/>
  <testcase classname="com.flipkart.qa.testclasses.HomePageTest" name="Login" time="4.557"/>
  <system-out/>
  <testcase classname="com.flipkart.qa.testclasses.HomePageTest" name="verifyHomePageLabelTest" time="0.086"/>
  <system-out/>
  <testcase classname="com.flipkart.qa.testclasses.HomePageTest" name="verifyHomePageLabelTest" time="0.075"/>
  <system-out/>
</testsuite> <!-- com.flipkart.qa.testclasses.HomePageTest -->
