<?xml version="1.0" encoding="UTF-8"?>
<!-- Generated by org.testng.reporters.JUnitReportReporter -->
<testsuite hostname="DESKTOP-AGBCM7S" failures="0" tests="4" name="com.flipkart.qa.testclasses.LogoutPageTest" time="4.303" errors="0" timestamp="2020-07-28T21:56:28 PDT" skipped="0">
  <testcase classname="com.flipkart.qa.testclasses.LogoutPageTest" name="TearDown" time="0.648"/>
  <system-out/>
  <testcase classname="com.flipkart.qa.testclasses.LogoutPageTest" name="LogoutTest" time="0.328"/>
  <system-out/>
  <testcase classname="com.flipkart.qa.testclasses.LogoutPageTest" name="TearDown" time="1.408"/>
  <system-out/>
  <testcase classname="com.flipkart.qa.testclasses.LogoutPageTest" name="LogoutTest" time="1.919"/>
  <system-out/>
</testsuite> <!-- com.flipkart.qa.testclasses.LogoutPageTest -->
