<?xml version="1.0" encoding="UTF-8"?>
<!-- Generated by org.testng.reporters.JUnitReportReporter -->
<testsuite hostname="DESKTOP-AGBCM7S" failures="0" tests="4" name="com.flipkart.qa.testclasses.HomePageTest" time="9.335" errors="0" timestamp="2020-07-27T12:32:00 PDT" skipped="0">
  <testcase classname="com.flipkart.qa.testclasses.HomePageTest" name="Login" time="4.571"/>
  <system-out/>
  <testcase classname="com.flipkart.qa.testclasses.HomePageTest" name="Login" time="4.559"/>
  <system-out/>
  <testcase classname="com.flipkart.qa.testclasses.HomePageTest" name="verifyHomePageLabelTest" time="0.142"/>
  <system-out/>
  <testcase classname="com.flipkart.qa.testclasses.HomePageTest" name="verifyHomePageLabelTest" time="0.063"/>
  <system-out/>
</testsuite> <!-- com.flipkart.qa.testclasses.HomePageTest -->
