<?xml version="1.0" encoding="UTF-8"?>
<!-- Generated by org.testng.reporters.JUnitReportReporter -->
<testsuite hostname="DESKTOP-AGBCM7S" failures="0" tests="1" name="com.flipkart.qa.testclasses.HomePage" time="6.666" errors="0" timestamp="2020-07-20T04:46:16 PDT" skipped="0">
  <testcase classname="com.flipkart.qa.testclasses.HomePage" name="basePageNavigation" time="6.666"/>
  <system-out/>
</testsuite> <!-- com.flipkart.qa.testclasses.HomePage -->
