<?xml version="1.0" encoding="UTF-8"?>
<!-- Generated by org.testng.reporters.JUnitReportReporter -->
<testsuite hostname="DESKTOP-AGBCM7S" failures="0" tests="1" name="Academy.HomePage" time="6.610" errors="0" timestamp="2020-07-19T21:00:21 PDT" skipped="0">
  <testcase classname="Academy.HomePage" name="basePageNavigation" time="6.610"/>
  <system-out/>
</testsuite> <!-- Academy.HomePage -->
