<?xml version="1.0" encoding="UTF-8"?>
<!-- Generated by org.testng.reporters.JUnitReportReporter -->
<testsuite hostname="DESKTOP-AGBCM7S" failures="0" tests="4" name="com.flipkart.qa.testclasses.LogoutPageTest" time="2.681" errors="0" timestamp="2020-07-27T12:32:00 PDT" skipped="0">
  <testcase classname="com.flipkart.qa.testclasses.LogoutPageTest" name="TearDown" time="0.636"/>
  <system-out/>
  <testcase classname="com.flipkart.qa.testclasses.LogoutPageTest" name="LogoutTest" time="0.343"/>
  <system-out/>
  <testcase classname="com.flipkart.qa.testclasses.LogoutPageTest" name="LogoutTest" time="0.470"/>
  <system-out/>
  <testcase classname="com.flipkart.qa.testclasses.LogoutPageTest" name="TearDown" time="1.232"/>
  <system-out/>
</testsuite> <!-- com.flipkart.qa.testclasses.LogoutPageTest -->
