<?xml version="1.0" encoding="UTF-8"?>
<!-- Generated by org.testng.reporters.JUnitReportReporter -->
<testsuite hostname="DESKTOP-AGBCM7S" failures="0" tests="2" name="com.flipkart.qa.testclasses.AddToCartPageTest" time="47.428" errors="0" timestamp="2020-07-27T12:32:00 PDT" skipped="0">
  <testcase classname="com.flipkart.qa.testclasses.AddToCartPageTest" name="AddToCartTest" time="25.279"/>
  <system-out/>
  <testcase classname="com.flipkart.qa.testclasses.AddToCartPageTest" name="AddToCartTest" time="22.149"/>
  <system-out/>
</testsuite> <!-- com.flipkart.qa.testclasses.AddToCartPageTest -->
